<?xml version="1.0" encoding="UTF-8"?>
<!-- Generated by org.testng.reporters.JUnitReportReporter -->
<testsuite hostname="Ahmed-Magdy" failures="0" tests="1" name="VOISAPITest.APITest" time="4.247" errors="0" timestamp="2021-09-25T22:20:02 EET" skipped="0">
  <testcase classname="VOISAPITest.APITest" name="CreatNewPost" time="4.247"/>
  <system-out/>
</testsuite> <!-- VOISAPITest.APITest -->
